<?xml version="1.0" encoding="UTF-8"?>
<!-- Generated by org.testng.reporters.JUnitXMLReporter -->
<testsuite ignored="1" hostname="DESKTOP-NESD47K" failures="0" tests="1" name="Default test" time="15.568" errors="0" timestamp="2022-12-31T17:19:19 IST">
  <testcase classname="com.Excelr.testcases.LoginPageTest" name="validateTitleTest" time="0.019"/>
  <testcase classname="com.Excelr.testcases.LoginPageTest" name="validateLoginTest" time="0.0">
    <ignored/>
  </testcase> <!-- validateLoginTest -->
</testsuite> <!-- Default test -->
