<?xml version="1.0" encoding="UTF-8"?>
<testng-results ignored="1" total="2" passed="1" failed="0" skipped="0">
  <reporter-output>
  </reporter-output>
  <suite started-at="2022-12-31T17:19:03 IST" name="Default suite" finished-at="2022-12-31T17:19:19 IST" duration-ms="15568">
    <groups>
    </groups>
    <test started-at="2022-12-31T17:19:03 IST" name="Default test" finished-at="2022-12-31T17:19:19 IST" duration-ms="15568">
      <class name="com.Excelr.testcases.LoginPageTest">
        <test-method is-config="true" signature="browserSetup()[pri:0, instance:com.Excelr.testcases.LoginPageTest@1d9b7cce]" started-at="2022-12-31T17:19:03 IST" name="browserSetup" finished-at="2022-12-31T17:19:19 IST" duration-ms="15198" status="PASS">
          <reporter-output>
          </reporter-output>
        </test-method> <!-- browserSetup -->
        <test-method signature="validateTitleTest()[pri:0, instance:com.Excelr.testcases.LoginPageTest@1d9b7cce]" started-at="2022-12-31T17:19:19 IST" name="validateTitleTest" finished-at="2022-12-31T17:19:19 IST" duration-ms="19" status="PASS">
          <reporter-output>
          </reporter-output>
        </test-method> <!-- validateTitleTest -->
        <test-method is-config="true" signature="closeSetup()[pri:0, instance:com.Excelr.testcases.LoginPageTest@1d9b7cce]" started-at="2022-12-31T17:19:19 IST" name="closeSetup" finished-at="2022-12-31T17:19:19 IST" duration-ms="314" status="PASS">
          <reporter-output>
          </reporter-output>
        </test-method> <!-- closeSetup -->
      </class> <!-- com.Excelr.testcases.LoginPageTest -->
    </test> <!-- Default test -->
  </suite> <!-- Default suite -->
</testng-results>
